# JRE version: OpenJDK Runtime Environment (17.0.6) (build 17.0.6+0-b2043.56-9586694)
# Java VM: OpenJDK 64-Bit Server VM (17.0.6+0-b2043.56-9586694, mixed mode, tiered, compressed oops, compressed class ptrs, g1 gc, windows-amd64)
GC Precious Log:
 CPUs: 8 total, 8 available
 Memory: 6021M
 Large Page Support: Disabled
 NUMA Support: Disabled
 Compressed Oops: Enabled (32-bit)
 Heap Region Size: 1M
 Heap Min Capacity: 8M
 Heap Initial Capacity: 96M
 Heap Max Capacity: 2G
 Pre-touch: Disabled
 Parallel Workers: 8
 Concurrent Workers: 2
 Concurrent Refinement Workers: 8
 Periodic GC: Disabled
Heap:
 garbage-first heap   total 155648K, used 123362K [0x0000000080000000, 0x0000000100000000)
  region size 1024K, 19 young (19456K), 4 survivors (4096K)
 Metaspace       used 100422K, committed 101056K, reserved 1138688K
  class space    used 13610K, committed 13888K, reserved 1048576K
GC Heap History (20 events):
Event: 87.048 GC heap before
{Heap before GC invocations=54 (full 0):
 garbage-first heap   total 140288K, used 101923K [0x0000000080000000, 0x0000000100000000)
  region size 1024K, 23 young (23552K), 2 survivors (2048K)
 Metaspace       used 87597K, committed 88256K, reserved 1130496K
  class space    used 11836K, committed 12160K, reserved 1048576K
}
Event: 87.051 GC heap after
{Heap after GC invocations=55 (full 0):
 garbage-first heap   total 140288K, used 82876K [0x0000000080000000, 0x0000000100000000)
  region size 1024K, 3 young (3072K), 3 survivors (3072K)
 Metaspace       used 87597K, committed 88256K, reserved 1130496K
  class space    used 11836K, committed 12160K, reserved 1048576K
}
Event: 87.611 GC heap before
{Heap before GC invocations=55 (full 0):
 garbage-first heap   total 140288K, used 85948K [0x0000000080000000, 0x0000000100000000)
  region size 1024K, 6 young (6144K), 3 survivors (3072K)
 Metaspace       used 87626K, committed 88320K, reserved 1130496K
  class space    used 11836K, committed 12160K, reserved 1048576K
}
Event: 87.614 GC heap after
{Heap after GC invocations=56 (full 0):
 garbage-first heap   total 140288K, used 82810K [0x0000000080000000, 0x0000000100000000)
  region size 1024K, 1 young (1024K), 1 survivors (1024K)
 Metaspace       used 87626K, committed 88320K, reserved 1130496K
  class space    used 11836K, committed 12160K, reserved 1048576K
}
Event: 91.150 GC heap before
{Heap before GC invocations=56 (full 0):
 garbage-first heap   total 140288K, used 112506K [0x0000000080000000, 0x0000000100000000)
  region size 1024K, 31 young (31744K), 1 survivors (1024K)
 Metaspace       used 91772K, committed 92416K, reserved 1130496K
  class space    used 12412K, committed 12736K, reserved 1048576K
}
Event: 91.153 GC heap after
{Heap after GC invocations=57 (full 0):
 garbage-first heap   total 140288K, used 84299K [0x0000000080000000, 0x0000000100000000)
  region size 1024K, 2 young (2048K), 2 survivors (2048K)
 Metaspace       used 91772K, committed 92416K, reserved 1130496K
  class space    used 12412K, committed 12736K, reserved 1048576K
}
Event: 101.699 GC heap before
{Heap before GC invocations=57 (full 0):
 garbage-first heap   total 140288K, used 113995K [0x0000000080000000, 0x0000000100000000)
  region size 1024K, 32 young (32768K), 2 survivors (2048K)
 Metaspace       used 93892K, committed 94592K, reserved 1130496K
  class space    used 12677K, committed 12992K, reserved 1048576K
}
Event: 101.704 GC heap after
{Heap after GC invocations=58 (full 0):
 garbage-first heap   total 140288K, used 87406K [0x0000000080000000, 0x0000000100000000)
  region size 1024K, 4 young (4096K), 4 survivors (4096K)
 Metaspace       used 93892K, committed 94592K, reserved 1130496K
  class space    used 12677K, committed 12992K, reserved 1048576K
}
Event: 104.480 GC heap before
{Heap before GC invocations=58 (full 0):
 garbage-first heap   total 140288K, used 115054K [0x0000000080000000, 0x0000000100000000)
  region size 1024K, 32 young (32768K), 4 survivors (4096K)
 Metaspace       used 94986K, committed 95680K, reserved 1138688K
  class space    used 12809K, committed 13120K, reserved 1048576K
}
Event: 104.487 GC heap after
{Heap after GC invocations=59 (full 0):
 garbage-first heap   total 140288K, used 90153K [0x0000000080000000, 0x0000000100000000)
  region size 1024K, 3 young (3072K), 3 survivors (3072K)
 Metaspace       used 94986K, committed 95680K, reserved 1138688K
  class space    used 12809K, committed 13120K, reserved 1048576K
}
Event: 107.041 GC heap before
{Heap before GC invocations=60 (full 0):
 garbage-first heap   total 155648K, used 115753K [0x0000000080000000, 0x0000000100000000)
  region size 1024K, 29 young (29696K), 3 survivors (3072K)
 Metaspace       used 95954K, committed 96640K, reserved 1138688K
  class space    used 12965K, committed 13248K, reserved 1048576K
}
Event: 107.046 GC heap after
{Heap after GC invocations=61 (full 0):
 garbage-first heap   total 155648K, used 93891K [0x0000000080000000, 0x0000000100000000)
  region size 1024K, 4 young (4096K), 4 survivors (4096K)
 Metaspace       used 95954K, committed 96640K, reserved 1138688K
  class space    used 12965K, committed 13248K, reserved 1048576K
}
Event: 107.095 GC heap before
{Heap before GC invocations=61 (full 0):
 garbage-first heap   total 155648K, used 95939K [0x0000000080000000, 0x0000000100000000)
  region size 1024K, 7 young (7168K), 4 survivors (4096K)
 Metaspace       used 95959K, committed 96640K, reserved 1138688K
  class space    used 12965K, committed 13248K, reserved 1048576K
}
Event: 107.098 GC heap after
{Heap after GC invocations=62 (full 0):
 garbage-first heap   total 155648K, used 94413K [0x0000000080000000, 0x0000000100000000)
  region size 1024K, 1 young (1024K), 1 survivors (1024K)
 Metaspace       used 95959K, committed 96640K, reserved 1138688K
  class space    used 12965K, committed 13248K, reserved 1048576K
}
Event: 108.804 GC heap before
{Heap before GC invocations=62 (full 0):
 garbage-first heap   total 155648K, used 126157K [0x0000000080000000, 0x0000000100000000)
  region size 1024K, 33 young (33792K), 1 survivors (1024K)
 Metaspace       used 97111K, committed 97792K, reserved 1138688K
  class space    used 13144K, committed 13440K, reserved 1048576K
}
Event: 108.808 GC heap after
{Heap after GC invocations=63 (full 0):
 garbage-first heap   total 155648K, used 99596K [0x0000000080000000, 0x0000000100000000)
  region size 1024K, 5 young (5120K), 5 survivors (5120K)
 Metaspace       used 97111K, committed 97792K, reserved 1138688K
  class space    used 13144K, committed 13440K, reserved 1048576K
}
Event: 110.155 GC heap before
{Heap before GC invocations=63 (full 0):
 garbage-first heap   total 155648K, used 127244K [0x0000000080000000, 0x0000000100000000)
  region size 1024K, 33 young (33792K), 5 survivors (5120K)
 Metaspace       used 99763K, committed 100416K, reserved 1138688K
  class space    used 13537K, committed 13824K, reserved 1048576K
}
Event: 110.162 GC heap after
{Heap after GC invocations=64 (full 0):
 garbage-first heap   total 155648K, used 103570K [0x0000000080000000, 0x0000000100000000)
  region size 1024K, 4 young (4096K), 4 survivors (4096K)
 Metaspace       used 99763K, committed 100416K, reserved 1138688K
  class space    used 13537K, committed 13824K, reserved 1048576K
}
Event: 110.262 GC heap before
{Heap before GC invocations=64 (full 0):
 garbage-first heap   total 155648K, used 128146K [0x0000000080000000, 0x0000000100000000)
  region size 1024K, 29 young (29696K), 4 survivors (4096K)
 Metaspace       used 100185K, committed 100864K, reserved 1138688K
  class space    used 13584K, committed 13888K, reserved 1048576K
}
Event: 110.271 GC heap after
{Heap after GC invocations=65 (full 0):
 garbage-first heap   total 155648K, used 109026K [0x0000000080000000, 0x0000000100000000)
  region size 1024K, 4 young (4096K), 4 survivors (4096K)
 Metaspace       used 100185K, committed 100864K, reserved 1138688K
  class space    used 13584K, committed 13888K, reserved 1048576K
}

