# JRE version: OpenJDK Runtime Environment (17.0.6) (build 17.0.6+0-b2043.56-9586694)
# Java VM: OpenJDK 64-Bit Server VM (17.0.6+0-b2043.56-9586694, mixed mode, tiered, compressed oops, compressed class ptrs, g1 gc, windows-amd64)
GC Precious Log:
 CPUs: 8 total, 8 available
 Memory: 6021M
 Large Page Support: Disabled
 NUMA Support: Disabled
 Compressed Oops: Enabled (32-bit)
 Heap Region Size: 1M
 Heap Min Capacity: 8M
 Heap Initial Capacity: 96M
 Heap Max Capacity: 2G
 Pre-touch: Disabled
 Parallel Workers: 8
 Concurrent Workers: 2
 Concurrent Refinement Workers: 8
 Periodic GC: Disabled
Heap:
 garbage-first heap   total 276480K, used 151092K [0x0000000080000000, 0x0000000100000000)
  region size 1024K, 2 young (2048K), 2 survivors (2048K)
 Metaspace       used 105063K, committed 105792K, reserved 1146880K
  class space    used 14446K, committed 14784K, reserved 1048576K
GC Heap History (20 events):
Event: 74.123 GC heap after
{Heap after GC invocations=61 (full 0):
 garbage-first heap   total 147456K, used 89327K [0x0000000080000000, 0x0000000100000000)
  region size 1024K, 3 young (3072K), 3 survivors (3072K)
 Metaspace       used 95140K, committed 95808K, reserved 1138688K
  class space    used 12857K, committed 13184K, reserved 1048576K
}
Event: 75.240 GC heap before
{Heap before GC invocations=62 (full 0):
 garbage-first heap   total 153600K, used 120047K [0x0000000080000000, 0x0000000100000000)
  region size 1024K, 34 young (34816K), 3 survivors (3072K)
 Metaspace       used 95958K, committed 96576K, reserved 1138688K
  class space    used 12970K, committed 13248K, reserved 1048576K
}
Event: 75.248 GC heap after
{Heap after GC invocations=63 (full 0):
 garbage-first heap   total 153600K, used 95082K [0x0000000080000000, 0x0000000100000000)
  region size 1024K, 5 young (5120K), 5 survivors (5120K)
 Metaspace       used 95958K, committed 96576K, reserved 1138688K
  class space    used 12970K, committed 13248K, reserved 1048576K
}
Event: 75.287 GC heap before
{Heap before GC invocations=63 (full 0):
 garbage-first heap   total 153600K, used 96106K [0x0000000080000000, 0x0000000100000000)
  region size 1024K, 7 young (7168K), 5 survivors (5120K)
 Metaspace       used 95999K, committed 96640K, reserved 1138688K
  class space    used 12978K, committed 13312K, reserved 1048576K
}
Event: 75.291 GC heap after
{Heap after GC invocations=64 (full 0):
 garbage-first heap   total 153600K, used 95035K [0x0000000080000000, 0x0000000100000000)
  region size 1024K, 1 young (1024K), 1 survivors (1024K)
 Metaspace       used 95999K, committed 96640K, reserved 1138688K
  class space    used 12978K, committed 13312K, reserved 1048576K
}
Event: 75.937 GC heap before
{Heap before GC invocations=64 (full 0):
 garbage-first heap   total 153600K, used 125755K [0x0000000080000000, 0x0000000100000000)
  region size 1024K, 32 young (32768K), 1 survivors (1024K)
 Metaspace       used 96406K, committed 97088K, reserved 1138688K
  class space    used 13027K, committed 13312K, reserved 1048576K
}
Event: 75.941 GC heap after
{Heap after GC invocations=65 (full 0):
 garbage-first heap   total 208896K, used 99597K [0x0000000080000000, 0x0000000100000000)
  region size 1024K, 4 young (4096K), 4 survivors (4096K)
 Metaspace       used 96406K, committed 97088K, reserved 1138688K
  class space    used 13027K, committed 13312K, reserved 1048576K
}
Event: 78.572 GC heap before
{Heap before GC invocations=66 (full 0):
 garbage-first heap   total 208896K, used 163085K [0x0000000080000000, 0x0000000100000000)
  region size 1024K, 67 young (68608K), 4 survivors (4096K)
 Metaspace       used 100023K, committed 100672K, reserved 1138688K
  class space    used 13555K, committed 13888K, reserved 1048576K
}
Event: 78.596 GC heap after
{Heap after GC invocations=67 (full 0):
 garbage-first heap   total 208896K, used 110426K [0x0000000080000000, 0x0000000100000000)
  region size 1024K, 9 young (9216K), 9 survivors (9216K)
 Metaspace       used 100023K, committed 100672K, reserved 1138688K
  class space    used 13555K, committed 13888K, reserved 1048576K
}
Event: 78.618 GC heap before
{Heap before GC invocations=67 (full 0):
 garbage-first heap   total 208896K, used 111450K [0x0000000080000000, 0x0000000100000000)
  region size 1024K, 10 young (10240K), 9 survivors (9216K)
 Metaspace       used 100050K, committed 100736K, reserved 1138688K
  class space    used 13556K, committed 13888K, reserved 1048576K
}
Event: 78.639 GC heap after
{Heap after GC invocations=68 (full 0):
 garbage-first heap   total 208896K, used 111783K [0x0000000080000000, 0x0000000100000000)
  region size 1024K, 2 young (2048K), 2 survivors (2048K)
 Metaspace       used 100050K, committed 100736K, reserved 1138688K
  class space    used 13556K, committed 13888K, reserved 1048576K
}
Event: 79.183 GC heap before
{Heap before GC invocations=68 (full 0):
 garbage-first heap   total 208896K, used 165031K [0x0000000080000000, 0x0000000100000000)
  region size 1024K, 54 young (55296K), 2 survivors (2048K)
 Metaspace       used 101527K, committed 102208K, reserved 1138688K
  class space    used 13818K, committed 14144K, reserved 1048576K
}
Event: 79.199 GC heap after
{Heap after GC invocations=69 (full 0):
 garbage-first heap   total 208896K, used 122269K [0x0000000080000000, 0x0000000100000000)
  region size 1024K, 7 young (7168K), 7 survivors (7168K)
 Metaspace       used 101527K, committed 102208K, reserved 1138688K
  class space    used 13818K, committed 14144K, reserved 1048576K
}
Event: 79.428 GC heap before
{Heap before GC invocations=69 (full 0):
 garbage-first heap   total 208896K, used 166301K [0x0000000080000000, 0x0000000100000000)
  region size 1024K, 50 young (51200K), 7 survivors (7168K)
 Metaspace       used 102748K, committed 103360K, reserved 1138688K
  class space    used 13986K, committed 14272K, reserved 1048576K
}
Event: 79.444 GC heap after
{Heap after GC invocations=70 (full 0):
 garbage-first heap   total 208896K, used 130606K [0x0000000080000000, 0x0000000100000000)
  region size 1024K, 7 young (7168K), 7 survivors (7168K)
 Metaspace       used 102748K, committed 103360K, reserved 1138688K
  class space    used 13986K, committed 14272K, reserved 1048576K
}
Event: 79.631 GC heap before
{Heap before GC invocations=70 (full 0):
 garbage-first heap   total 276480K, used 168494K [0x0000000080000000, 0x0000000100000000)
  region size 1024K, 44 young (45056K), 7 survivors (7168K)
 Metaspace       used 102900K, committed 103552K, reserved 1138688K
  class space    used 14018K, committed 14336K, reserved 1048576K
}
Event: 79.656 GC heap after
{Heap after GC invocations=71 (full 0):
 garbage-first heap   total 276480K, used 137915K [0x0000000080000000, 0x0000000100000000)
  region size 1024K, 6 young (6144K), 6 survivors (6144K)
 Metaspace       used 102900K, committed 103552K, reserved 1138688K
  class space    used 14018K, committed 14336K, reserved 1048576K
}
Event: 81.741 GC heap before
{Heap before GC invocations=72 (full 0):
 garbage-first heap   total 276480K, used 211643K [0x0000000080000000, 0x0000000100000000)
  region size 1024K, 78 young (79872K), 6 survivors (6144K)
 Metaspace       used 105046K, committed 105792K, reserved 1146880K
  class space    used 14441K, committed 14784K, reserved 1048576K
}
Event: 81.800 GC heap after
{Heap after GC invocations=73 (full 0):
 garbage-first heap   total 276480K, used 149030K [0x0000000080000000, 0x0000000100000000)
  region size 1024K, 10 young (10240K), 10 survivors (10240K)
 Metaspace       used 105046K, committed 105792K, reserved 1146880K
  class space    used 14441K, committed 14784K, reserved 1048576K
}
Event: 81.910 GC heap before
{Heap before GC invocations=73 (full 0):
 garbage-first heap   total 276480K, used 152102K [0x0000000080000000, 0x0000000100000000)
  region size 1024K, 13 young (13312K), 10 survivors (10240K)
 Metaspace       used 105063K, committed 105792K, reserved 1146880K
  class space    used 14446K, committed 14784K, reserved 1048576K
}

