# JRE version: OpenJDK Runtime Environment (17.0.6) (build 17.0.6+0-b2043.56-9586694)
# Java VM: OpenJDK 64-Bit Server VM (17.0.6+0-b2043.56-9586694, mixed mode, tiered, compressed oops, compressed class ptrs, g1 gc, windows-amd64)
GC Precious Log:
 CPUs: 8 total, 8 available
 Memory: 6021M
 Large Page Support: Disabled
 NUMA Support: Disabled
 Compressed Oops: Enabled (32-bit)
 Heap Region Size: 1M
 Heap Min Capacity: 8M
 Heap Initial Capacity: 96M
 Heap Max Capacity: 2G
 Pre-touch: Disabled
 Parallel Workers: 8
 Concurrent Workers: 2
 Concurrent Refinement Workers: 8
 Periodic GC: Disabled
Heap:
 garbage-first heap   total 233472K, used 143856K [0x0000000080000000, 0x0000000100000000)
  region size 1024K, 8 young (8192K), 8 survivors (8192K)
 Metaspace       used 106520K, committed 107200K, reserved 1146880K
  class space    used 14726K, committed 15040K, reserved 1048576K
GC Heap History (20 events):
Event: 12.441 GC heap after
{Heap after GC invocations=35 (full 0):
 garbage-first heap   total 97280K, used 54924K [0x0000000080000000, 0x0000000100000000)
  region size 1024K, 3 young (3072K), 3 survivors (3072K)
 Metaspace       used 66385K, committed 66880K, reserved 1114112K
  class space    used 8707K, committed 8896K, reserved 1048576K
}
Event: 12.472 GC heap before
{Heap before GC invocations=35 (full 0):
 garbage-first heap   total 97280K, used 55948K [0x0000000080000000, 0x0000000100000000)
  region size 1024K, 4 young (4096K), 3 survivors (3072K)
 Metaspace       used 66513K, committed 67008K, reserved 1114112K
  class space    used 8722K, committed 8960K, reserved 1048576K
}
Event: 12.476 GC heap after
{Heap after GC invocations=36 (full 0):
 garbage-first heap   total 233472K, used 54804K [0x0000000080000000, 0x0000000100000000)
  region size 1024K, 1 young (1024K), 1 survivors (1024K)
 Metaspace       used 66513K, committed 67008K, reserved 1114112K
  class space    used 8722K, committed 8960K, reserved 1048576K
}
Event: 14.969 GC heap before
{Heap before GC invocations=36 (full 0):
 garbage-first heap   total 233472K, used 157204K [0x0000000080000000, 0x0000000100000000)
  region size 1024K, 100 young (102400K), 1 survivors (1024K)
 Metaspace       used 74733K, committed 75264K, reserved 1122304K
  class space    used 10048K, committed 10304K, reserved 1048576K
}
Event: 14.976 GC heap after
{Heap after GC invocations=37 (full 0):
 garbage-first heap   total 233472K, used 61097K [0x0000000080000000, 0x0000000100000000)
  region size 1024K, 7 young (7168K), 7 survivors (7168K)
 Metaspace       used 74733K, committed 75264K, reserved 1122304K
  class space    used 10048K, committed 10304K, reserved 1048576K
}
Event: 17.085 GC heap before
{Heap before GC invocations=37 (full 0):
 garbage-first heap   total 233472K, used 170665K [0x0000000080000000, 0x0000000100000000)
  region size 1024K, 114 young (116736K), 7 survivors (7168K)
 Metaspace       used 83139K, committed 83712K, reserved 1122304K
  class space    used 11260K, committed 11520K, reserved 1048576K
}
Event: 17.103 GC heap after
{Heap after GC invocations=38 (full 0):
 garbage-first heap   total 233472K, used 72220K [0x0000000080000000, 0x0000000100000000)
  region size 1024K, 15 young (15360K), 15 survivors (15360K)
 Metaspace       used 83139K, committed 83712K, reserved 1122304K
  class space    used 11260K, committed 11520K, reserved 1048576K
}
Event: 20.583 GC heap before
{Heap before GC invocations=38 (full 0):
 garbage-first heap   total 233472K, used 172572K [0x0000000080000000, 0x0000000100000000)
  region size 1024K, 114 young (116736K), 15 survivors (15360K)
 Metaspace       used 87640K, committed 88256K, reserved 1130496K
  class space    used 11874K, committed 12160K, reserved 1048576K
}
Event: 20.602 GC heap after
{Heap after GC invocations=39 (full 0):
 garbage-first heap   total 233472K, used 83455K [0x0000000080000000, 0x0000000100000000)
  region size 1024K, 11 young (11264K), 11 survivors (11264K)
 Metaspace       used 87640K, committed 88256K, reserved 1130496K
  class space    used 11874K, committed 12160K, reserved 1048576K
}
Event: 23.204 GC heap before
{Heap before GC invocations=39 (full 0):
 garbage-first heap   total 233472K, used 176639K [0x0000000080000000, 0x0000000100000000)
  region size 1024K, 103 young (105472K), 11 survivors (11264K)
 Metaspace       used 94911K, committed 95488K, reserved 1138688K
  class space    used 12871K, committed 13120K, reserved 1048576K
}
Event: 23.218 GC heap after
{Heap after GC invocations=40 (full 0):
 garbage-first heap   total 233472K, used 91993K [0x0000000080000000, 0x0000000100000000)
  region size 1024K, 9 young (9216K), 9 survivors (9216K)
 Metaspace       used 94911K, committed 95488K, reserved 1138688K
  class space    used 12871K, committed 13120K, reserved 1048576K
}
Event: 24.680 GC heap before
{Heap before GC invocations=40 (full 0):
 garbage-first heap   total 233472K, used 181081K [0x0000000080000000, 0x0000000100000000)
  region size 1024K, 97 young (99328K), 9 survivors (9216K)
 Metaspace       used 97332K, committed 98048K, reserved 1138688K
  class space    used 13222K, committed 13568K, reserved 1048576K
}
Event: 24.693 GC heap after
{Heap after GC invocations=41 (full 0):
 garbage-first heap   total 233472K, used 105235K [0x0000000080000000, 0x0000000100000000)
  region size 1024K, 13 young (13312K), 13 survivors (13312K)
 Metaspace       used 97332K, committed 98048K, reserved 1138688K
  class space    used 13222K, committed 13568K, reserved 1048576K
}
Event: 25.471 GC heap before
{Heap before GC invocations=41 (full 0):
 garbage-first heap   total 233472K, used 185107K [0x0000000080000000, 0x0000000100000000)
  region size 1024K, 89 young (91136K), 13 survivors (13312K)
 Metaspace       used 100902K, committed 101632K, reserved 1138688K
  class space    used 13735K, committed 14080K, reserved 1048576K
}
Event: 25.485 GC heap after
{Heap after GC invocations=42 (full 0):
 garbage-first heap   total 233472K, used 113211K [0x0000000080000000, 0x0000000100000000)
  region size 1024K, 9 young (9216K), 9 survivors (9216K)
 Metaspace       used 100902K, committed 101632K, reserved 1138688K
  class space    used 13735K, committed 14080K, reserved 1048576K
}
Event: 26.168 GC heap before
{Heap before GC invocations=42 (full 0):
 garbage-first heap   total 233472K, used 183867K [0x0000000080000000, 0x0000000100000000)
  region size 1024K, 79 young (80896K), 9 survivors (9216K)
 Metaspace       used 103773K, committed 104448K, reserved 1146880K
  class space    used 14204K, committed 14528K, reserved 1048576K
}
Event: 26.192 GC heap after
{Heap after GC invocations=43 (full 0):
 garbage-first heap   total 233472K, used 124673K [0x0000000080000000, 0x0000000100000000)
  region size 1024K, 10 young (10240K), 10 survivors (10240K)
 Metaspace       used 103773K, committed 104448K, reserved 1146880K
  class space    used 14204K, committed 14528K, reserved 1048576K
}
Event: 26.451 GC heap before
{Heap before GC invocations=43 (full 0):
 garbage-first heap   total 233472K, used 185089K [0x0000000080000000, 0x0000000100000000)
  region size 1024K, 70 young (71680K), 10 survivors (10240K)
 Metaspace       used 106075K, committed 106752K, reserved 1146880K
  class space    used 14653K, committed 14976K, reserved 1048576K
}
Event: 26.468 GC heap after
{Heap after GC invocations=44 (full 0):
 garbage-first heap   total 233472K, used 134615K [0x0000000080000000, 0x0000000100000000)
  region size 1024K, 9 young (9216K), 9 survivors (9216K)
 Metaspace       used 106075K, committed 106752K, reserved 1146880K
  class space    used 14653K, committed 14976K, reserved 1048576K
}
Event: 26.625 GC heap before
{Heap before GC invocations=44 (full 0):
 garbage-first heap   total 233472K, used 187863K [0x0000000080000000, 0x0000000100000000)
  region size 1024K, 61 young (62464K), 9 survivors (9216K)
 Metaspace       used 106520K, committed 107200K, reserved 1146880K
  class space    used 14726K, committed 15040K, reserved 1048576K
}

