# JRE version: OpenJDK Runtime Environment (17.0.6) (build 17.0.6+0-b2043.56-9586694)
# Java VM: OpenJDK 64-Bit Server VM (17.0.6+0-b2043.56-9586694, mixed mode, tiered, compressed oops, compressed class ptrs, g1 gc, windows-amd64)
GC Precious Log:
 CPUs: 8 total, 8 available
 Memory: 6021M
 Large Page Support: Disabled
 NUMA Support: Disabled
 Compressed Oops: Enabled (32-bit)
 Heap Region Size: 1M
 Heap Min Capacity: 8M
 Heap Initial Capacity: 96M
 Heap Max Capacity: 2G
 Pre-touch: Disabled
 Parallel Workers: 8
 Concurrent Workers: 2
 Concurrent Refinement Workers: 8
 Periodic GC: Disabled
Heap:
 garbage-first heap   total 137216K, used 113185K [0x0000000080000000, 0x0000000100000000)
  region size 1024K, 1 young (1024K), 1 survivors (1024K)
 Metaspace       used 100087K, committed 100736K, reserved 1138688K
  class space    used 13581K, committed 13888K, reserved 1048576K
GC Heap History (20 events):
Event: 39.770 GC heap after
{Heap after GC invocations=55 (full 0):
 garbage-first heap   total 137216K, used 89038K [0x0000000080000000, 0x0000000100000000)
  region size 1024K, 3 young (3072K), 3 survivors (3072K)
 Metaspace       used 93376K, committed 94080K, reserved 1130496K
  class space    used 12614K, committed 12928K, reserved 1048576K
}
Event: 40.442 GC heap before
{Heap before GC invocations=55 (full 0):
 garbage-first heap   total 137216K, used 112590K [0x0000000080000000, 0x0000000100000000)
  region size 1024K, 27 young (27648K), 3 survivors (3072K)
 Metaspace       used 94867K, committed 95552K, reserved 1138688K
  class space    used 12794K, committed 13120K, reserved 1048576K
}
Event: 40.446 GC heap after
{Heap after GC invocations=56 (full 0):
 garbage-first heap   total 137216K, used 90956K [0x0000000080000000, 0x0000000100000000)
  region size 1024K, 2 young (2048K), 2 survivors (2048K)
 Metaspace       used 94867K, committed 95552K, reserved 1138688K
  class space    used 12794K, committed 13120K, reserved 1048576K
}
Event: 41.657 GC heap before
{Heap before GC invocations=56 (full 0):
 garbage-first heap   total 137216K, used 114508K [0x0000000080000000, 0x0000000100000000)
  region size 1024K, 26 young (26624K), 2 survivors (2048K)
 Metaspace       used 95966K, committed 96704K, reserved 1138688K
  class space    used 12981K, committed 13312K, reserved 1048576K
}
Event: 41.661 GC heap after
{Heap after GC invocations=57 (full 0):
 garbage-first heap   total 137216K, used 94568K [0x0000000080000000, 0x0000000100000000)
  region size 1024K, 4 young (4096K), 4 survivors (4096K)
 Metaspace       used 95966K, committed 96704K, reserved 1138688K
  class space    used 12981K, committed 13312K, reserved 1048576K
}
Event: 42.347 GC heap before
{Heap before GC invocations=57 (full 0):
 garbage-first heap   total 137216K, used 114024K [0x0000000080000000, 0x0000000100000000)
  region size 1024K, 24 young (24576K), 4 survivors (4096K)
 Metaspace       used 96120K, committed 96832K, reserved 1138688K
  class space    used 13001K, committed 13312K, reserved 1048576K
}
Event: 42.350 GC heap after
{Heap after GC invocations=58 (full 0):
 garbage-first heap   total 137216K, used 97992K [0x0000000080000000, 0x0000000100000000)
  region size 1024K, 3 young (3072K), 3 survivors (3072K)
 Metaspace       used 96120K, committed 96832K, reserved 1138688K
  class space    used 13001K, committed 13312K, reserved 1048576K
}
Event: 42.983 GC heap before
{Heap before GC invocations=58 (full 0):
 garbage-first heap   total 137216K, used 114376K [0x0000000080000000, 0x0000000100000000)
  region size 1024K, 20 young (20480K), 3 survivors (3072K)
 Metaspace       used 96441K, committed 97152K, reserved 1138688K
  class space    used 13043K, committed 13376K, reserved 1048576K
}
Event: 42.986 GC heap after
{Heap after GC invocations=59 (full 0):
 garbage-first heap   total 137216K, used 100845K [0x0000000080000000, 0x0000000100000000)
  region size 1024K, 3 young (3072K), 3 survivors (3072K)
 Metaspace       used 96441K, committed 97152K, reserved 1138688K
  class space    used 13043K, committed 13376K, reserved 1048576K
}
Event: 44.524 GC heap before
{Heap before GC invocations=59 (full 0):
 garbage-first heap   total 137216K, used 115181K [0x0000000080000000, 0x0000000100000000)
  region size 1024K, 18 young (18432K), 3 survivors (3072K)
 Metaspace       used 98131K, committed 98816K, reserved 1138688K
  class space    used 13307K, committed 13632K, reserved 1048576K
}
Event: 44.527 GC heap after
{Heap after GC invocations=60 (full 0):
 garbage-first heap   total 137216K, used 102992K [0x0000000080000000, 0x0000000100000000)
  region size 1024K, 2 young (2048K), 2 survivors (2048K)
 Metaspace       used 98131K, committed 98816K, reserved 1138688K
  class space    used 13307K, committed 13632K, reserved 1048576K
}
Event: 45.299 GC heap before
{Heap before GC invocations=60 (full 0):
 garbage-first heap   total 137216K, used 115280K [0x0000000080000000, 0x0000000100000000)
  region size 1024K, 15 young (15360K), 2 survivors (2048K)
 Metaspace       used 99615K, committed 100288K, reserved 1138688K
  class space    used 13528K, committed 13824K, reserved 1048576K
}
Event: 45.303 GC heap after
{Heap after GC invocations=61 (full 0):
 garbage-first heap   total 137216K, used 104741K [0x0000000080000000, 0x0000000100000000)
  region size 1024K, 2 young (2048K), 2 survivors (2048K)
 Metaspace       used 99615K, committed 100288K, reserved 1138688K
  class space    used 13528K, committed 13824K, reserved 1048576K
}
Event: 45.382 GC heap before
{Heap before GC invocations=61 (full 0):
 garbage-first heap   total 137216K, used 117029K [0x0000000080000000, 0x0000000100000000)
  region size 1024K, 14 young (14336K), 2 survivors (2048K)
 Metaspace       used 99838K, committed 100480K, reserved 1138688K
  class space    used 13549K, committed 13824K, reserved 1048576K
}
Event: 45.387 GC heap after
{Heap after GC invocations=62 (full 0):
 garbage-first heap   total 137216K, used 107520K [0x0000000080000000, 0x0000000100000000)
  region size 1024K, 2 young (2048K), 2 survivors (2048K)
 Metaspace       used 99838K, committed 100480K, reserved 1138688K
  class space    used 13549K, committed 13824K, reserved 1048576K
}
Event: 45.407 GC heap before
{Heap before GC invocations=62 (full 0):
 garbage-first heap   total 137216K, used 117760K [0x0000000080000000, 0x0000000100000000)
  region size 1024K, 12 young (12288K), 2 survivors (2048K)
 Metaspace       used 99920K, committed 100608K, reserved 1138688K
  class space    used 13562K, committed 13888K, reserved 1048576K
}
Event: 45.411 GC heap after
{Heap after GC invocations=63 (full 0):
 garbage-first heap   total 137216K, used 109940K [0x0000000080000000, 0x0000000100000000)
  region size 1024K, 2 young (2048K), 2 survivors (2048K)
 Metaspace       used 99920K, committed 100608K, reserved 1138688K
  class space    used 13562K, committed 13888K, reserved 1048576K
}
Event: 45.425 GC heap before
{Heap before GC invocations=63 (full 0):
 garbage-first heap   total 137216K, used 117108K [0x0000000080000000, 0x0000000100000000)
  region size 1024K, 9 young (9216K), 2 survivors (2048K)
 Metaspace       used 99962K, committed 100608K, reserved 1138688K
  class space    used 13568K, committed 13888K, reserved 1048576K
}
Event: 45.429 GC heap after
{Heap after GC invocations=64 (full 0):
 garbage-first heap   total 137216K, used 111803K [0x0000000080000000, 0x0000000100000000)
  region size 1024K, 2 young (2048K), 2 survivors (2048K)
 Metaspace       used 99962K, committed 100608K, reserved 1138688K
  class space    used 13568K, committed 13888K, reserved 1048576K
}
Event: 45.446 GC heap before
{Heap before GC invocations=64 (full 0):
 garbage-first heap   total 137216K, used 117947K [0x0000000080000000, 0x0000000100000000)
  region size 1024K, 8 young (8192K), 2 survivors (2048K)
 Metaspace       used 100087K, committed 100736K, reserved 1138688K
  class space    used 13581K, committed 13888K, reserved 1048576K
}

