# JRE version: OpenJDK Runtime Environment (17.0.6) (build 17.0.6+0-b2043.56-9586694)
# Java VM: OpenJDK 64-Bit Server VM (17.0.6+0-b2043.56-9586694, mixed mode, tiered, compressed oops, compressed class ptrs, g1 gc, windows-amd64)
GC Precious Log:
 CPUs: 8 total, 8 available
 Memory: 6021M
 Large Page Support: Disabled
 NUMA Support: Disabled
 Compressed Oops: Enabled (32-bit)
 Heap Region Size: 1M
 Heap Min Capacity: 8M
 Heap Initial Capacity: 96M
 Heap Max Capacity: 2G
 Pre-touch: Disabled
 Parallel Workers: 8
 Concurrent Workers: 2
 Concurrent Refinement Workers: 8
 Periodic GC: Disabled
Heap:
 garbage-first heap   total 227328K, used 132837K [0x0000000080000000, 0x0000000100000000)
  region size 1024K, 3 young (3072K), 3 survivors (3072K)
 Metaspace       used 121421K, committed 122240K, reserved 1155072K
  class space    used 16036K, committed 16384K, reserved 1048576K
GC Heap History (20 events):
Event: 184.078 GC heap after
{Heap after GC invocations=66 (full 0):
 garbage-first heap   total 227328K, used 105908K [0x0000000080000000, 0x0000000100000000)
  region size 1024K, 1 young (1024K), 1 survivors (1024K)
 Metaspace       used 106847K, committed 107584K, reserved 1146880K
  class space    used 13960K, committed 14272K, reserved 1048576K
}
Event: 191.455 GC heap before
{Heap before GC invocations=66 (full 0):
 garbage-first heap   total 227328K, used 181684K [0x0000000080000000, 0x0000000100000000)
  region size 1024K, 76 young (77824K), 1 survivors (1024K)
 Metaspace       used 111636K, committed 112448K, reserved 1146880K
  class space    used 14594K, committed 14976K, reserved 1048576K
}
Event: 191.461 GC heap after
{Heap after GC invocations=67 (full 0):
 garbage-first heap   total 227328K, used 109882K [0x0000000080000000, 0x0000000100000000)
  region size 1024K, 5 young (5120K), 5 survivors (5120K)
 Metaspace       used 111636K, committed 112448K, reserved 1146880K
  class space    used 14594K, committed 14976K, reserved 1048576K
}
Event: 192.899 GC heap before
{Heap before GC invocations=68 (full 0):
 garbage-first heap   total 227328K, used 184634K [0x0000000080000000, 0x0000000100000000)
  region size 1024K, 79 young (80896K), 5 survivors (5120K)
 Metaspace       used 112781K, committed 113536K, reserved 1155072K
  class space    used 14737K, committed 15104K, reserved 1048576K
}
Event: 192.904 GC heap after
{Heap after GC invocations=69 (full 0):
 garbage-first heap   total 227328K, used 111291K [0x0000000080000000, 0x0000000100000000)
  region size 1024K, 6 young (6144K), 6 survivors (6144K)
 Metaspace       used 112781K, committed 113536K, reserved 1155072K
  class space    used 14737K, committed 15104K, reserved 1048576K
}
Event: 193.125 GC heap before
{Heap before GC invocations=69 (full 0):
 garbage-first heap   total 227328K, used 115387K [0x0000000080000000, 0x0000000100000000)
  region size 1024K, 11 young (11264K), 6 survivors (6144K)
 Metaspace       used 112791K, committed 113600K, reserved 1155072K
  class space    used 14738K, committed 15104K, reserved 1048576K
}
Event: 193.130 GC heap after
{Heap after GC invocations=70 (full 0):
 garbage-first heap   total 227328K, used 103749K [0x0000000080000000, 0x0000000100000000)
  region size 1024K, 1 young (1024K), 1 survivors (1024K)
 Metaspace       used 112791K, committed 113600K, reserved 1155072K
  class space    used 14738K, committed 15104K, reserved 1048576K
}
Event: 196.491 GC heap before
{Heap before GC invocations=70 (full 0):
 garbage-first heap   total 227328K, used 186693K [0x0000000080000000, 0x0000000100000000)
  region size 1024K, 83 young (84992K), 1 survivors (1024K)
 Metaspace       used 112946K, committed 113728K, reserved 1155072K
  class space    used 14743K, committed 15104K, reserved 1048576K
}
Event: 196.494 GC heap after
{Heap after GC invocations=71 (full 0):
 garbage-first heap   total 227328K, used 105089K [0x0000000080000000, 0x0000000100000000)
  region size 1024K, 3 young (3072K), 3 survivors (3072K)
 Metaspace       used 112946K, committed 113728K, reserved 1155072K
  class space    used 14743K, committed 15104K, reserved 1048576K
}
Event: 201.168 GC heap before
{Heap before GC invocations=72 (full 0):
 garbage-first heap   total 227328K, used 188033K [0x0000000080000000, 0x0000000100000000)
  region size 1024K, 85 young (87040K), 3 survivors (3072K)
 Metaspace       used 116229K, committed 117056K, reserved 1155072K
  class space    used 15241K, committed 15616K, reserved 1048576K
}
Event: 201.176 GC heap after
{Heap after GC invocations=73 (full 0):
 garbage-first heap   total 227328K, used 115439K [0x0000000080000000, 0x0000000100000000)
  region size 1024K, 11 young (11264K), 11 survivors (11264K)
 Metaspace       used 116229K, committed 117056K, reserved 1155072K
  class space    used 15241K, committed 15616K, reserved 1048576K
}
Event: 201.187 GC heap before
{Heap before GC invocations=73 (full 0):
 garbage-first heap   total 227328K, used 116463K [0x0000000080000000, 0x0000000100000000)
  region size 1024K, 12 young (12288K), 11 survivors (11264K)
 Metaspace       used 116351K, committed 117120K, reserved 1155072K
  class space    used 15271K, committed 15616K, reserved 1048576K
}
Event: 201.192 GC heap after
{Heap after GC invocations=74 (full 0):
 garbage-first heap   total 227328K, used 114472K [0x0000000080000000, 0x0000000100000000)
  region size 1024K, 2 young (2048K), 2 survivors (2048K)
 Metaspace       used 116351K, committed 117120K, reserved 1155072K
  class space    used 15271K, committed 15616K, reserved 1048576K
}
Event: 201.963 GC heap before
{Heap before GC invocations=74 (full 0):
 garbage-first heap   total 227328K, used 184104K [0x0000000080000000, 0x0000000100000000)
  region size 1024K, 71 young (72704K), 2 survivors (2048K)
 Metaspace       used 118260K, committed 119040K, reserved 1155072K
  class space    used 15515K, committed 15872K, reserved 1048576K
}
Event: 201.979 GC heap after
{Heap after GC invocations=75 (full 0):
 garbage-first heap   total 227328K, used 127662K [0x0000000080000000, 0x0000000100000000)
  region size 1024K, 9 young (9216K), 9 survivors (9216K)
 Metaspace       used 118260K, committed 119040K, reserved 1155072K
  class space    used 15515K, committed 15872K, reserved 1048576K
}
Event: 202.582 GC heap before
{Heap before GC invocations=76 (full 0):
 garbage-first heap   total 227328K, used 181934K [0x0000000080000000, 0x0000000100000000)
  region size 1024K, 63 young (64512K), 9 survivors (9216K)
 Metaspace       used 121412K, committed 122240K, reserved 1155072K
  class space    used 16035K, committed 16384K, reserved 1048576K
}
Event: 202.593 GC heap after
{Heap after GC invocations=77 (full 0):
 garbage-first heap   total 227328K, used 131942K [0x0000000080000000, 0x0000000100000000)
  region size 1024K, 5 young (5120K), 5 survivors (5120K)
 Metaspace       used 121412K, committed 122240K, reserved 1155072K
  class space    used 16035K, committed 16384K, reserved 1048576K
}
Event: 202.603 GC heap before
{Heap before GC invocations=77 (full 0):
 garbage-first heap   total 227328K, used 137062K [0x0000000080000000, 0x0000000100000000)
  region size 1024K, 11 young (11264K), 5 survivors (5120K)
 Metaspace       used 121415K, committed 122240K, reserved 1155072K
  class space    used 16035K, committed 16384K, reserved 1048576K
}
Event: 202.609 GC heap after
{Heap after GC invocations=78 (full 0):
 garbage-first heap   total 227328K, used 131987K [0x0000000080000000, 0x0000000100000000)
  region size 1024K, 2 young (2048K), 2 survivors (2048K)
 Metaspace       used 121415K, committed 122240K, reserved 1155072K
  class space    used 16035K, committed 16384K, reserved 1048576K
}
Event: 202.627 GC heap before
{Heap before GC invocations=78 (full 0):
 garbage-first heap   total 227328K, used 141203K [0x0000000080000000, 0x0000000100000000)
  region size 1024K, 12 young (12288K), 2 survivors (2048K)
 Metaspace       used 121421K, committed 122240K, reserved 1155072K
  class space    used 16036K, committed 16384K, reserved 1048576K
}

